********************************************************************************
product = Open Liberty 21.0.0.12 (wlp-1.0.59.cl211220211117-1256)
wlp.install.dir = D:/All/[Facultate]/[Master]/Java/Java-Technologies/Lab9/service-a/target/liberty/wlp/
java.home = C:\Program Files\Java\jdk-17
java.version = 17
java.runtime = Java(TM) SE Runtime Environment (17+35-LTS-2724)
os = Windows 10 (10.0; amd64) (en_US)
process = 8956@DESKTOP-UJLKKPD
********************************************************************************
[12/26/21, 22:46:39:490 EET] 00000001 com.ibm.ws.kernel.launch.internal.FrameworkManager           A CWWKE0001I: The server Lab9 has been launched.
[12/26/21, 22:46:45:054 EET] 00000001 com.ibm.ws.kernel.launch.internal.FrameworkManager           I CWWKE0002I: The kernel started after 6.291 seconds
[12/26/21, 22:46:45:304 EET] 00000025 com.ibm.ws.kernel.feature.internal.FeatureManager            I CWWKF0007I: Feature update started.
[12/26/21, 22:46:49:121 EET] 0000001b .apache.cxf.cxf.core.3.2:1.0.59.cl211220211117-1256(id=102)] I Aries Blueprint packages not available. So namespaces will not be registered
[12/26/21, 22:46:49:122 EET] 0000001d .apache.cxf.cxf.core.3.2:1.0.59.cl211220211117-1256(id=102)] I Aries Blueprint packages not available. So namespaces will not be registered
[12/26/21, 22:46:49:288 EET] 00000019 com.ibm.ws.security.ready.internal.SecurityReadyServiceImpl  I CWWKS0007I: The security service is starting...
[12/26/21, 22:46:49:938 EET] 0000001c com.ibm.ws.app.manager.internal.monitor.DropinMonitor        A CWWKZ0058I: Monitoring dropins for applications.
[12/26/21, 22:46:51:093 EET] 0000001d .ws.security.mp.jwt.v11.config.impl.MpConfigProxyServiceImpl I CWWKS5775I: The MicroProfile JWT version 1.1 mpConfigProxy processed successfully.
[12/26/21, 22:46:51:124 EET] 0000001a rty.security.mp.jwt.v12.config.impl.MpConfigProxyServiceImpl I CWWKS5780I: The MicroProfile JWT version 1.2 mpConfigProxy processed successfully.
[12/26/21, 22:46:51:303 EET] 0000001c com.ibm.ws.cache.ServerCache                                 I DYNA1001I: WebSphere Dynamic Cache instance named baseCache initialized successfully.
[12/26/21, 22:46:51:306 EET] 0000001c com.ibm.ws.cache.ServerCache                                 I DYNA1071I: The cache provider default is being used.
[12/26/21, 22:46:51:308 EET] 0000001c com.ibm.ws.cache.CacheServiceImpl                            I DYNA1056I: Dynamic Cache (object cache) initialized successfully.
[12/26/21, 22:46:51:639 EET] 00000021 com.ibm.ws.ssl.config.WSKeyStore                             I CWPKI0802I: Creating the SSL certificate. This may take a few seconds.
[12/26/21, 22:46:51:678 EET] 0000002a com.ibm.ws.security.token.ltpa.LTPAKeyInfoManager            I CWWKS4103I: Creating the LTPA keys. This may take a few seconds.
[12/26/21, 22:46:51:731 EET] 00000019 ibm.ws.security.authentication.internal.jaas.JAASServiceImpl I CWWKS1123I: The collective authentication plugin with class name NullCollectiveAuthenticationPlugin has been activated. 
[12/26/21, 22:46:52:254 EET] 0000002a com.ibm.ws.security.token.ltpa.LTPAKeyInfoManager            A CWWKS4104A: LTPA keys created in 0.575 seconds. LTPA key file: D:/All/[Facultate]/[Master]/Java/Java-Technologies/Lab9/service-a/target/liberty/wlp/usr/servers/Lab9/resources/security/ltpa.keys
[12/26/21, 22:46:52:263 EET] 0000002a com.ibm.ws.security.token.ltpa.internal.LTPAKeyCreateTask    I CWWKS4105I: LTPA configuration is ready after 0.591 seconds.
[12/26/21, 22:46:52:598 EET] 00000019 com.ibm.ws.security.jwt.internal.ConsumerImpl                I CWWKS6012I: The JSON Web Token (JWT) consumer service is available.
[12/26/21, 22:46:52:707 EET] 00000019 com.ibm.ws.security.jwt.web.JwtEndpointServices              I CWWKS6002I: The JSON Web Token (JWT) endpoint service is available.
[12/26/21, 22:46:52:933 EET] 00000019 com.ibm.ws.security.jaspi.AuthConfigFactoryWrapper           I CWWKS1655I: The default Java Authentication SPI for Containers (JASPIC) AuthConfigFactory class com.ibm.ws.security.jaspi.ProviderRegistry is being used because the Java security property authconfigprovider.factory is not set. 
[12/26/21, 22:46:53:659 EET] 00000019 com.ibm.ws.session.WASSessionCore                            I SESN8501I: The session manager did not find a persistent storage location; HttpSession objects will be stored in the local application server's memory.
[12/26/21, 22:46:53:852 EET] 00000019 .microprofile.metrics.internal.monitor.MonitorMetricsHandler I CWPMI2003I: Monitoring metrics can be retrieved through mpMetrics.
[12/26/21, 22:46:54:702 EET] 00000021 com.ibm.ws.ssl.config.WSKeyStore                             A CWPKI0803A: SSL certificate created in 3.063 seconds. SSL key file: D:/All/[Facultate]/[Master]/Java/Java-Technologies/Lab9/service-a/target/liberty/wlp/usr/servers/Lab9/resources/security/public.jks
[12/26/21, 22:46:54:703 EET] 00000021 com.ibm.ws.ssl.config.WSKeyStore                             I Successfully loaded default keystore: D:/All/[Facultate]/[Master]/Java/Java-Technologies/Lab9/service-a/target/liberty/wlp/usr/servers/Lab9/resources/security/public.jks of type: JKS
[12/26/21, 22:46:54:841 EET] 00000021 com.ibm.ws.security.mp.jwt.impl.MicroProfileJwtServiceImpl   I CWWKS5500I: The MicroProfile JWT configuration [MicroProfileJwtService] was successfully processed.
[12/26/21, 22:46:54:843 EET] 00000021 com.ibm.ws.security.mp.jwt.impl.MicroProfileJwtConfigImpl    I CWWKS5500I: The MicroProfile JWT configuration [jwtUserConsumer] was successfully processed.
[12/26/21, 22:46:54:844 EET] 00000021 com.ibm.ws.security.mp.jwt.impl.MicroProfileJwtConfigImpl    I CWWKS5500I: The MicroProfile JWT configuration [defaultMpJwt] was successfully processed.
[12/26/21, 22:46:55:938 EET] 0000002a com.ibm.ws.webcontainer.osgi.webapp.WebGroup                 I SRVE0169I: Loading Web Module: OpenAPIUI.
[12/26/21, 22:46:55:945 EET] 0000002a com.ibm.ws.http.internal.VirtualHostImpl                     A CWWKT0016I: Web application available (default_host): http://localhost:9080/openapi/ui/
[12/26/21, 22:46:55:952 EET] 00000027 com.ibm.ws.webcontainer.osgi.webapp.WebGroup                 I SRVE0169I: Loading Web Module: ibm/api.
[12/26/21, 22:46:55:953 EET] 00000027 com.ibm.ws.http.internal.VirtualHostImpl                     A CWWKT0016I: Web application available (default_host): http://localhost:9080/ibm/api/
[12/26/21, 22:46:56:024 EET] 0000002a com.ibm.ws.app.manager.AppMessageHelper                      I CWWKZ0018I: Starting application Lab9.
[12/26/21, 22:46:56:026 EET] 0000002a bm.ws.app.manager.war.internal.WARDeployedAppInfoFactoryImpl I CWWKZ0134I: The Lab9 application is using the loose application definition at the D:\All\[Facultate]\[Master]\Java\Java-Technologies\Lab9\service-a\target\liberty\wlp\usr\servers\Lab9\apps\Lab9.war.xml location.
[12/26/21, 22:46:56:056 EET] 00000028 com.ibm.ws.webcontainer.osgi.webapp.WebGroup                 I SRVE0169I: Loading Web Module: MicroProfileOpenAPI.
[12/26/21, 22:46:56:056 EET] 00000029 com.ibm.ws.webcontainer.osgi.webapp.WebGroup                 I SRVE0169I: Loading Web Module: PublicMicroProfileMetrics.
[12/26/21, 22:46:56:056 EET] 00000028 com.ibm.ws.http.internal.VirtualHostImpl                     A CWWKT0016I: Web application available (default_host): http://localhost:9080/openapi/
[12/26/21, 22:46:56:057 EET] 00000029 com.ibm.ws.http.internal.VirtualHostImpl                     A CWWKT0016I: Web application available (default_host): http://localhost:9080/metrics/
[12/26/21, 22:46:56:060 EET] 0000002b com.ibm.ws.webcontainer.osgi.webapp.WebGroup                 I SRVE0169I: Loading Web Module: health.
[12/26/21, 22:46:56:060 EET] 0000002b com.ibm.ws.http.internal.VirtualHostImpl                     A CWWKT0016I: Web application available (default_host): http://localhost:9080/health/
[12/26/21, 22:46:56:098 EET] 00000026 com.ibm.ws.webcontainer.osgi.webapp.WebGroup                 I SRVE0169I: Loading Web Module: com.ibm.ws.security.jwt.
[12/26/21, 22:46:56:100 EET] 00000026 com.ibm.ws.http.internal.VirtualHostImpl                     A CWWKT0016I: Web application available (default_host): http://localhost:9080/jwt/
[12/26/21, 22:46:56:205 EET] 00000028 com.ibm.ws.session.WASSessionCore                            I SESN0176I: A new session context will be created for application key default_host/ibm/api
[12/26/21, 22:46:56:206 EET] 00000029 com.ibm.ws.session.WASSessionCore                            I SESN0176I: A new session context will be created for application key default_host/openapi
[12/26/21, 22:46:56:207 EET] 00000026 com.ibm.ws.session.WASSessionCore                            I SESN0176I: A new session context will be created for application key default_host/health
[12/26/21, 22:46:56:209 EET] 00000027 com.ibm.ws.session.WASSessionCore                            I SESN0176I: A new session context will be created for application key default_host/openapi/ui
[12/26/21, 22:46:56:220 EET] 0000002b com.ibm.ws.session.WASSessionCore                            I SESN0176I: A new session context will be created for application key default_host/metrics
[12/26/21, 22:46:56:324 EET] 00000028 com.ibm.ws.util                                              I SESN0172I: The session manager is using the Java default SecureRandom implementation for session ID generation.
[12/26/21, 22:46:56:342 EET] 0000002b com.ibm.ws.util                                              I SESN0172I: The session manager is using the Java default SecureRandom implementation for session ID generation.
[12/26/21, 22:46:56:343 EET] 00000027 com.ibm.ws.util                                              I SESN0172I: The session manager is using the Java default SecureRandom implementation for session ID generation.
[12/26/21, 22:46:56:345 EET] 00000026 com.ibm.ws.util                                              I SESN0172I: The session manager is using the Java default SecureRandom implementation for session ID generation.
[12/26/21, 22:46:56:346 EET] 00000029 com.ibm.ws.util                                              I SESN0172I: The session manager is using the Java default SecureRandom implementation for session ID generation.
[12/26/21, 22:46:56:383 EET] 00000027 com.ibm.ws.cache.CacheServiceImpl                            I DYNA1056I: Dynamic Cache (object cache) initialized successfully.
[12/26/21, 22:46:56:653 EET] 00000027 com.ibm.ws.session.WASSessionCore                            I SESN0176I: A new session context will be created for application key default_host/jwt
[12/26/21, 22:46:56:674 EET] 00000027 com.ibm.ws.util                                              I SESN0172I: The session manager is using the Java default SecureRandom implementation for session ID generation.
[12/26/21, 22:46:56:719 EET] 0000002b com.ibm.ws.webcontainer.servlet                              I SRVE0242I: [io.openliberty.microprofile.metrics.internal.public] [/metrics] [PublicMetricsRESTProxyServlet]: Initialization successful.
[12/26/21, 22:46:56:721 EET] 00000029 com.ibm.ws.webcontainer.servlet                              I SRVE0242I: [io.openliberty.microprofile.openapi.2.0.internal] [/openapi] [ApplicationServlet]: Initialization successful.
[12/26/21, 22:46:56:725 EET] 00000026 com.ibm.ws.webcontainer.servlet                              I SRVE0242I: [io.openliberty.microprofile.health.3.0.internal] [/health] [HealthCheckReadinessServlet]: Initialization successful.
[12/26/21, 22:46:56:730 EET] 00000026 com.ibm.ws.webcontainer.servlet                              I SRVE0242I: [io.openliberty.microprofile.health.3.0.internal] [/health] [HealthCheckServlet]: Initialization successful.
[12/26/21, 22:46:56:731 EET] 00000026 com.ibm.ws.webcontainer.servlet                              I SRVE0242I: [io.openliberty.microprofile.health.3.0.internal] [/health] [HealthCheckLivenessServlet]: Initialization successful.
[12/26/21, 22:46:57:239 EET] 0000002d com.ibm.ws.webcontainer.osgi.mbeans.PluginGenerator          I SRVE9103I: A configuration file for a web server plugin was automatically generated for this server at D:\All\[Facultate]\[Master]\Java\Java-Technologies\Lab9\service-a\target\liberty\wlp\usr\servers\Lab9\logs\state\plugin-cfg.xml.
[12/26/21, 22:47:07:483 EET] 0000002a io.openliberty.microprofile.openapi20.ApplicationProcessor   I CWWKO1660I: The application Lab9 was processed and an OpenAPI document was produced.
[12/26/21, 22:47:07:561 EET] 0000002a org.jboss.weld.Version                                       I WELD-000900: 3.1.8 (Final)
[12/26/21, 22:47:12:841 EET] 0000002a m.ws.microprofile.rest.client.cdi.LibertyRestClientExtension I CWWKW0750I: The following interfaces are configured as RequestScoped which will result in slower performance:  Consider using ApplicationScoped for better performance.
[12/26/21, 22:47:12:990 EET] 0000002a com.ibm.ws.webcontainer.osgi.webapp.WebGroup                 I SRVE0169I: Loading Web Module: Lab9.
[12/26/21, 22:47:12:990 EET] 0000002a com.ibm.ws.http.internal.VirtualHostImpl                     A CWWKT0016I: Web application available (default_host): http://localhost:9080/
[12/26/21, 22:47:12:998 EET] 00000028 com.ibm.ws.session.WASSessionCore                            I SESN0176I: A new session context will be created for application key default_host/
[12/26/21, 22:47:12:999 EET] 00000028 com.ibm.ws.util                                              I SESN0172I: The session manager is using the Java default SecureRandom implementation for session ID generation.
[12/26/21, 22:47:13:094 EET] 0000002a com.ibm.ws.webcontainer.osgi.mbeans.PluginGenerator          I SRVE9103I: A configuration file for a web server plugin was automatically generated for this server at D:\All\[Facultate]\[Master]\Java\Java-Technologies\Lab9\service-a\target\liberty\wlp\usr\servers\Lab9\logs\state\plugin-cfg.xml.
[12/26/21, 22:47:13:102 EET] 00000028 com.ibm.ws.app.manager.AppMessageHelper                      A CWWKZ0001I: Application Lab9 started in 17.078 seconds.
[12/26/21, 22:47:13:145 EET] 00000025 com.ibm.ws.tcpchannel.internal.TCPPort                       I CWWKO0219I: TCP Channel defaultHttpEndpoint has been started and is now listening for requests on host kubernetes.docker.internal  (IPv4: 127.0.0.1) port 9080.
[12/26/21, 22:47:13:148 EET] 00000025 com.ibm.ws.tcpchannel.internal.TCPPort                       I CWWKO0219I: TCP Channel defaultHttpEndpoint-ssl has been started and is now listening for requests on host kubernetes.docker.internal  (IPv4: 127.0.0.1) port 9443.
[12/26/21, 22:47:13:211 EET] 00000025 com.ibm.ws.kernel.feature.internal.FeatureManager            A CWWKF0012I: The server installed the following features: [appSecurity-3.0, cdi-2.0, distributedMap-1.0, el-3.0, jaxrs-2.1, jaxrsClient-2.1, jndi-1.0, json-1.0, jsonb-1.0, jsonp-1.1, jwt-1.0, microProfile-4.0, monitor-1.0, mpConfig-2.0, mpFaultTolerance-3.0, mpHealth-3.0, mpJwt-1.2, mpMetrics-3.0, mpOpenAPI-2.0, mpOpenTracing-2.0, mpRestClient-2.0, opentracing-2.0, servlet-4.0, ssl-1.0].
[12/26/21, 22:47:13:214 EET] 00000025 com.ibm.ws.kernel.feature.internal.FeatureManager            I CWWKF0008I: Feature update completed in 28.169 seconds.
[12/26/21, 22:47:13:214 EET] 00000025 com.ibm.ws.kernel.feature.internal.FeatureManager            A CWWKF0011I: The Lab9 server is ready to run a smarter planet. The Lab9 server started in 34.460 seconds.
[12/26/21, 22:47:16:598 EET] 00000028 com.ibm.ws.http.internal.VirtualHostImpl                     A CWWKT0017I: Web application removed (default_host): http://localhost:9080/
[12/26/21, 22:47:16:671 EET] 00000028 com.ibm.ws.app.manager.AppMessageHelper                      A CWWKZ0009I: The application Lab9 has stopped successfully.
[12/26/21, 22:47:16:691 EET] 00000028 com.ibm.ws.app.manager.AppMessageHelper                      I CWWKZ0018I: Starting application Lab9.
[12/26/21, 22:47:16:694 EET] 00000028 bm.ws.app.manager.war.internal.WARDeployedAppInfoFactoryImpl I CWWKZ0134I: The Lab9 application is using the loose application definition at the D:\All\[Facultate]\[Master]\Java\Java-Technologies\Lab9\service-a\target\liberty\wlp\usr\servers\Lab9\apps\Lab9.war.xml location.
[12/26/21, 22:47:16:810 EET] 00000026 com.ibm.ws.webcontainer.osgi.mbeans.PluginGenerator          I SRVE9103I: A configuration file for a web server plugin was automatically generated for this server at D:\All\[Facultate]\[Master]\Java\Java-Technologies\Lab9\service-a\target\liberty\wlp\usr\servers\Lab9\logs\state\plugin-cfg.xml.
[12/26/21, 22:47:21:784 EET] 00000028 io.openliberty.microprofile.openapi20.ApplicationProcessor   I CWWKO1660I: The application Lab9 was processed and an OpenAPI document was produced.
[12/26/21, 22:47:23:176 EET] 00000028 m.ws.microprofile.rest.client.cdi.LibertyRestClientExtension I CWWKW0750I: The following interfaces are configured as RequestScoped which will result in slower performance:  Consider using ApplicationScoped for better performance.
[12/26/21, 22:47:23:190 EET] 00000028 com.ibm.ws.webcontainer.osgi.webapp.WebGroup                 I SRVE0169I: Loading Web Module: Lab9.
[12/26/21, 22:47:23:190 EET] 00000028 com.ibm.ws.http.internal.VirtualHostImpl                     A CWWKT0016I: Web application available (default_host): http://localhost:9080/
[12/26/21, 22:47:23:192 EET] 00000028 com.ibm.ws.session.WASSessionCore                            I SESN0176I: A new session context will be created for application key default_host/
[12/26/21, 22:47:23:192 EET] 00000028 com.ibm.ws.util                                              I SESN0172I: The session manager is using the Java default SecureRandom implementation for session ID generation.
[12/26/21, 22:47:23:256 EET] 00000028 com.ibm.ws.app.manager.AppMessageHelper                      A CWWKZ0003I: The application Lab9 updated in 6.565 seconds.
[12/26/21, 22:47:23:286 EET] 0000002b com.ibm.ws.webcontainer.osgi.mbeans.PluginGenerator          I SRVE9103I: A configuration file for a web server plugin was automatically generated for this server at D:\All\[Facultate]\[Master]\Java\Java-Technologies\Lab9\service-a\target\liberty\wlp\usr\servers\Lab9\logs\state\plugin-cfg.xml.
[12/26/21, 22:47:39:734 EET] 00000028 com.ibm.ws.webcontainer.extension                            W SRVE0190E: File not found: /favicon.ico
[12/26/21, 22:47:41:679 EET] 00000028 .apache.cxf.cxf.core.3.2:1.0.59.cl211220211117-1256(id=102)] I Setting the server's publish address to be /data/
[12/26/21, 22:47:41:853 EET] 00000028 com.ibm.ws.webcontainer.servlet                              I SRVE0242I: [Lab9] [/] [com.uaic.Lab9.Lab9RestApplication]: Initialization successful.
[12/26/21, 22:47:42:596 EET] 00000028 io.jaegertracing.Configuration                               I Initialized tracer=JaegerTracer(version=Java-1.5.0, serviceName=Lab9, reporter=RemoteReporter(sender=UdpSender(host=localhost, port=6831), closeEnqueueTimeout=1000), sampler=RemoteControlledSampler(maxOperations=2000, manager=HttpSamplingManager(hostPort=localhost:5778), sampler=ProbabilisticSampler(tags={sampler.type=probabilistic, sampler.param=0.001})), tags={hostname=DESKTOP-UJLKKPD, jaeger.version=Java-1.5.0, ip=192.168.56.1}, zipkinSharedRpcSpan=false, expandExceptionLogs=false, useTraceId128Bit=false)
[12/26/21, 22:47:42:597 EET] 00000028 m.ibm.ws.microprofile.opentracing.jaeger.JaegerTracerFactory I CWMOT1001I: A JaegerTracer instance was created for the Lab9 application.  Tracing information is sent to localhost:6831.
