********************************************************************************
product = Open Liberty 21.0.0.12 (wlp-1.0.59.cl211220211117-1256)
wlp.install.dir = D:/All/[Facultate]/[Master]/Java/Java-Technologies/Lab9/service-b/target/liberty/wlp/
java.home = C:\Program Files\Java\jdk-17
java.version = 17
java.runtime = Java(TM) SE Runtime Environment (17+35-LTS-2724)
os = Windows 10 (10.0; amd64) (en_US)
process = 3252@DESKTOP-UJLKKPD
********************************************************************************
[12/26/21, 22:48:14:126 EET] 00000001 com.ibm.ws.kernel.launch.internal.FrameworkManager           A CWWKE0001I: The server Lab9 has been launched.
[12/26/21, 22:48:19:665 EET] 00000001 com.ibm.ws.kernel.launch.internal.FrameworkManager           I CWWKE0002I: The kernel started after 6.052 seconds
[12/26/21, 22:48:19:804 EET] 00000025 com.ibm.ws.kernel.feature.internal.FeatureManager            I CWWKF0007I: Feature update started.
[12/26/21, 22:48:23:722 EET] 0000001a .apache.cxf.cxf.core.3.2:1.0.59.cl211220211117-1256(id=102)] I Aries Blueprint packages not available. So namespaces will not be registered
[12/26/21, 22:48:23:725 EET] 0000001c .apache.cxf.cxf.core.3.2:1.0.59.cl211220211117-1256(id=102)] I Aries Blueprint packages not available. So namespaces will not be registered
[12/26/21, 22:48:23:860 EET] 00000019 com.ibm.ws.security.ready.internal.SecurityReadyServiceImpl  I CWWKS0007I: The security service is starting...
[12/26/21, 22:48:24:364 EET] 0000001b com.ibm.ws.app.manager.internal.monitor.DropinMonitor        A CWWKZ0058I: Monitoring dropins for applications.
[12/26/21, 22:48:26:588 EET] 0000001d rty.security.mp.jwt.v12.config.impl.MpConfigProxyServiceImpl I CWWKS5780I: The MicroProfile JWT version 1.2 mpConfigProxy processed successfully.
[12/26/21, 22:48:26:607 EET] 0000001d .ws.security.mp.jwt.v11.config.impl.MpConfigProxyServiceImpl I CWWKS5775I: The MicroProfile JWT version 1.1 mpConfigProxy processed successfully.
[12/26/21, 22:48:26:972 EET] 0000001a com.ibm.ws.cache.ServerCache                                 I DYNA1001I: WebSphere Dynamic Cache instance named baseCache initialized successfully.
[12/26/21, 22:48:26:978 EET] 0000001a com.ibm.ws.cache.ServerCache                                 I DYNA1071I: The cache provider default is being used.
[12/26/21, 22:48:26:980 EET] 0000001a com.ibm.ws.cache.CacheServiceImpl                            I DYNA1056I: Dynamic Cache (object cache) initialized successfully.
[12/26/21, 22:48:27:208 EET] 00000027 com.ibm.ws.security.token.ltpa.LTPAKeyInfoManager            I CWWKS4103I: Creating the LTPA keys. This may take a few seconds.
[12/26/21, 22:48:27:261 EET] 00000019 ibm.ws.security.authentication.internal.jaas.JAASServiceImpl I CWWKS1123I: The collective authentication plugin with class name NullCollectiveAuthenticationPlugin has been activated. 
[12/26/21, 22:48:27:824 EET] 00000021 com.ibm.ws.ssl.config.WSKeyStore                             I Successfully loaded default keystore: D:/All/[Facultate]/[Master]/Java/Java-Technologies/Lab9/service-b/target/liberty/wlp/usr/servers/Lab9/resources/security/public.jks of type: JKS
[12/26/21, 22:48:28:114 EET] 00000021 com.ibm.ws.security.mp.jwt.impl.MicroProfileJwtServiceImpl   I CWWKS5500I: The MicroProfile JWT configuration [MicroProfileJwtService] was successfully processed.
[12/26/21, 22:48:28:118 EET] 00000021 com.ibm.ws.security.mp.jwt.impl.MicroProfileJwtConfigImpl    I CWWKS5500I: The MicroProfile JWT configuration [jwtUserConsumer] was successfully processed.
[12/26/21, 22:48:28:119 EET] 00000021 com.ibm.ws.security.mp.jwt.impl.MicroProfileJwtConfigImpl    I CWWKS5500I: The MicroProfile JWT configuration [defaultMpJwt] was successfully processed.
[12/26/21, 22:48:28:128 EET] 00000027 com.ibm.ws.security.token.ltpa.LTPAKeyInfoManager            A CWWKS4104A: LTPA keys created in 0.919 seconds. LTPA key file: D:/All/[Facultate]/[Master]/Java/Java-Technologies/Lab9/service-b/target/liberty/wlp/usr/servers/Lab9/resources/security/ltpa.keys
[12/26/21, 22:48:28:142 EET] 00000027 com.ibm.ws.security.token.ltpa.internal.LTPAKeyCreateTask    I CWWKS4105I: LTPA configuration is ready after 0.938 seconds.
[12/26/21, 22:48:28:711 EET] 00000019 com.ibm.ws.security.jwt.internal.ConsumerImpl                I CWWKS6012I: The JSON Web Token (JWT) consumer service is available.
[12/26/21, 22:48:28:797 EET] 00000019 com.ibm.ws.security.jwt.web.JwtEndpointServices              I CWWKS6002I: The JSON Web Token (JWT) endpoint service is available.
[12/26/21, 22:48:28:939 EET] 00000019 com.ibm.ws.security.jaspi.AuthConfigFactoryWrapper           I CWWKS1655I: The default Java Authentication SPI for Containers (JASPIC) AuthConfigFactory class com.ibm.ws.security.jaspi.ProviderRegistry is being used because the Java security property authconfigprovider.factory is not set. 
[12/26/21, 22:48:29:704 EET] 00000019 com.ibm.ws.session.WASSessionCore                            I SESN8501I: The session manager did not find a persistent storage location; HttpSession objects will be stored in the local application server's memory.
[12/26/21, 22:48:29:882 EET] 00000019 .microprofile.metrics.internal.monitor.MonitorMetricsHandler I CWPMI2003I: Monitoring metrics can be retrieved through mpMetrics.
[12/26/21, 22:48:32:572 EET] 00000036 com.ibm.ws.app.manager.AppMessageHelper                      I CWWKZ0018I: Starting application Lab9.
[12/26/21, 22:48:32:575 EET] 00000036 bm.ws.app.manager.war.internal.WARDeployedAppInfoFactoryImpl I CWWKZ0134I: The Lab9 application is using the loose application definition at the D:\All\[Facultate]\[Master]\Java\Java-Technologies\Lab9\service-b\target\liberty\wlp\usr\servers\Lab9\apps\Lab9.war.xml location.
[12/26/21, 22:48:32:574 EET] 00000028 com.ibm.ws.webcontainer.osgi.webapp.WebGroup                 I SRVE0169I: Loading Web Module: OpenAPIUI.
[12/26/21, 22:48:32:580 EET] 00000028 com.ibm.ws.http.internal.VirtualHostImpl                     A CWWKT0016I: Web application available (default_host): http://localhost:9081/openapi/ui/
[12/26/21, 22:48:32:947 EET] 00000028 com.ibm.ws.session.WASSessionCore                            I SESN0176I: A new session context will be created for application key default_host/openapi/ui
[12/26/21, 22:48:32:958 EET] 00000027 com.ibm.ws.webcontainer.osgi.webapp.WebGroup                 I SRVE0169I: Loading Web Module: ibm/api.
[12/26/21, 22:48:32:958 EET] 00000027 com.ibm.ws.http.internal.VirtualHostImpl                     A CWWKT0016I: Web application available (default_host): http://localhost:9081/ibm/api/
[12/26/21, 22:48:33:052 EET] 00000028 com.ibm.ws.util                                              I SESN0172I: The session manager is using the Java default SecureRandom implementation for session ID generation.
[12/26/21, 22:48:33:092 EET] 00000038 com.ibm.ws.session.WASSessionCore                            I SESN0176I: A new session context will be created for application key default_host/ibm/api
[12/26/21, 22:48:33:092 EET] 00000038 com.ibm.ws.util                                              I SESN0172I: The session manager is using the Java default SecureRandom implementation for session ID generation.
[12/26/21, 22:48:33:096 EET] 00000028 com.ibm.ws.cache.CacheServiceImpl                            I DYNA1056I: Dynamic Cache (object cache) initialized successfully.
[12/26/21, 22:48:33:746 EET] 00000029 com.ibm.ws.webcontainer.osgi.webapp.WebGroup                 I SRVE0169I: Loading Web Module: PublicMicroProfileMetrics.
[12/26/21, 22:48:33:747 EET] 00000029 com.ibm.ws.http.internal.VirtualHostImpl                     A CWWKT0016I: Web application available (default_host): http://localhost:9081/metrics/
[12/26/21, 22:48:33:748 EET] 0000002c com.ibm.ws.webcontainer.osgi.webapp.WebGroup                 I SRVE0169I: Loading Web Module: com.ibm.ws.security.jwt.
[12/26/21, 22:48:33:749 EET] 0000002c com.ibm.ws.http.internal.VirtualHostImpl                     A CWWKT0016I: Web application available (default_host): http://localhost:9081/jwt/
[12/26/21, 22:48:33:754 EET] 0000002b com.ibm.ws.webcontainer.osgi.webapp.WebGroup                 I SRVE0169I: Loading Web Module: health.
[12/26/21, 22:48:33:754 EET] 0000002b com.ibm.ws.http.internal.VirtualHostImpl                     A CWWKT0016I: Web application available (default_host): http://localhost:9081/health/
[12/26/21, 22:48:33:754 EET] 00000026 com.ibm.ws.webcontainer.osgi.webapp.WebGroup                 I SRVE0169I: Loading Web Module: MicroProfileOpenAPI.
[12/26/21, 22:48:33:757 EET] 00000026 com.ibm.ws.http.internal.VirtualHostImpl                     A CWWKT0016I: Web application available (default_host): http://localhost:9081/openapi/
[12/26/21, 22:48:33:774 EET] 00000029 com.ibm.ws.session.WASSessionCore                            I SESN0176I: A new session context will be created for application key default_host/metrics
[12/26/21, 22:48:33:774 EET] 00000029 com.ibm.ws.util                                              I SESN0172I: The session manager is using the Java default SecureRandom implementation for session ID generation.
[12/26/21, 22:48:33:779 EET] 0000002c com.ibm.ws.session.WASSessionCore                            I SESN0176I: A new session context will be created for application key default_host/jwt
[12/26/21, 22:48:33:779 EET] 0000002c com.ibm.ws.util                                              I SESN0172I: The session manager is using the Java default SecureRandom implementation for session ID generation.
[12/26/21, 22:48:33:795 EET] 00000039 com.ibm.ws.session.WASSessionCore                            I SESN0176I: A new session context will be created for application key default_host/openapi
[12/26/21, 22:48:33:796 EET] 00000039 com.ibm.ws.util                                              I SESN0172I: The session manager is using the Java default SecureRandom implementation for session ID generation.
[12/26/21, 22:48:33:826 EET] 0000002b com.ibm.ws.session.WASSessionCore                            I SESN0176I: A new session context will be created for application key default_host/health
[12/26/21, 22:48:33:828 EET] 0000002b com.ibm.ws.util                                              I SESN0172I: The session manager is using the Java default SecureRandom implementation for session ID generation.
[12/26/21, 22:48:33:961 EET] 00000029 com.ibm.ws.webcontainer.servlet                              I SRVE0242I: [io.openliberty.microprofile.metrics.internal.public] [/metrics] [PublicMetricsRESTProxyServlet]: Initialization successful.
[12/26/21, 22:48:33:999 EET] 0000002b com.ibm.ws.webcontainer.servlet                              I SRVE0242I: [io.openliberty.microprofile.health.3.0.internal] [/health] [HealthCheckReadinessServlet]: Initialization successful.
[12/26/21, 22:48:34:005 EET] 0000002b com.ibm.ws.webcontainer.servlet                              I SRVE0242I: [io.openliberty.microprofile.health.3.0.internal] [/health] [HealthCheckServlet]: Initialization successful.
[12/26/21, 22:48:34:011 EET] 00000039 com.ibm.ws.webcontainer.servlet                              I SRVE0242I: [io.openliberty.microprofile.openapi.2.0.internal] [/openapi] [ApplicationServlet]: Initialization successful.
[12/26/21, 22:48:34:029 EET] 0000002b com.ibm.ws.webcontainer.servlet                              I SRVE0242I: [io.openliberty.microprofile.health.3.0.internal] [/health] [HealthCheckLivenessServlet]: Initialization successful.
[12/26/21, 22:48:34:615 EET] 00000037 com.ibm.ws.webcontainer.osgi.mbeans.PluginGenerator          I SRVE9103I: A configuration file for a web server plugin was automatically generated for this server at D:\All\[Facultate]\[Master]\Java\Java-Technologies\Lab9\service-b\target\liberty\wlp\usr\servers\Lab9\logs\state\plugin-cfg.xml.
[12/26/21, 22:48:51:375 EET] 00000036 io.openliberty.microprofile.openapi20.ApplicationProcessor   I CWWKO1660I: The application Lab9 was processed and an OpenAPI document was produced.
[12/26/21, 22:48:51:423 EET] 00000036 org.jboss.weld.Version                                       I WELD-000900: 3.1.8 (Final)
[12/26/21, 22:49:01:918 EET] 00000025 com.ibm.ws.tcpchannel.internal.TCPPort                       I CWWKO0219I: TCP Channel defaultHttpEndpoint has been started and is now listening for requests on host kubernetes.docker.internal  (IPv4: 127.0.0.1) port 9081.
[12/26/21, 22:49:01:923 EET] 00000025 com.ibm.ws.tcpchannel.internal.TCPPort                       I CWWKO0219I: TCP Channel defaultHttpEndpoint-ssl has been started and is now listening for requests on host kubernetes.docker.internal  (IPv4: 127.0.0.1) port 9444.
[12/26/21, 22:49:02:621 EET] 00000039 com.ibm.ws.app.manager.AppMessageHelper                      A CWWKZ0022W: Application Lab9 has not started in 30.049 seconds.
[12/26/21, 22:49:03:122 EET] 00000025 com.ibm.ws.kernel.feature.internal.FeatureManager            A CWWKF0012I: The server installed the following features: [appSecurity-3.0, cdi-2.0, distributedMap-1.0, el-3.0, jaxrs-2.1, jaxrsClient-2.1, jndi-1.0, json-1.0, jsonb-1.0, jsonp-1.1, jwt-1.0, microProfile-4.0, monitor-1.0, mpConfig-2.0, mpFaultTolerance-3.0, mpHealth-3.0, mpJwt-1.2, mpMetrics-3.0, mpOpenAPI-2.0, mpOpenTracing-2.0, mpRestClient-2.0, opentracing-2.0, servlet-4.0, ssl-1.0].
[12/26/21, 22:49:03:141 EET] 00000025 com.ibm.ws.kernel.feature.internal.FeatureManager            I CWWKF0008I: Feature update completed in 43.484 seconds.
[12/26/21, 22:49:03:141 EET] 00000025 com.ibm.ws.kernel.feature.internal.FeatureManager            A CWWKF0011I: The Lab9 server is ready to run a smarter planet. The Lab9 server started in 49.529 seconds.
[12/26/21, 22:49:03:337 EET] 00000036 m.ws.microprofile.rest.client.cdi.LibertyRestClientExtension I CWWKW0750I: The following interfaces are configured as RequestScoped which will result in slower performance:  Consider using ApplicationScoped for better performance.
[12/26/21, 22:49:03:442 EET] 00000036 com.ibm.ws.webcontainer.osgi.webapp.WebGroup                 I SRVE0169I: Loading Web Module: Lab9.
[12/26/21, 22:49:03:442 EET] 00000036 com.ibm.ws.http.internal.VirtualHostImpl                     A CWWKT0016I: Web application available (default_host): http://localhost:9081/
[12/26/21, 22:49:03:462 EET] 00000037 com.ibm.ws.session.WASSessionCore                            I SESN0176I: A new session context will be created for application key default_host/
[12/26/21, 22:49:03:462 EET] 00000037 com.ibm.ws.util                                              I SESN0172I: The session manager is using the Java default SecureRandom implementation for session ID generation.
[12/26/21, 22:49:04:144 EET] 00000037 com.ibm.ws.app.manager.AppMessageHelper                      A CWWKZ0001I: Application Lab9 started in 31.572 seconds.
[12/26/21, 22:49:04:276 EET] 00000036 com.ibm.ws.webcontainer.osgi.mbeans.PluginGenerator          I SRVE9103I: A configuration file for a web server plugin was automatically generated for this server at D:\All\[Facultate]\[Master]\Java\Java-Technologies\Lab9\service-b\target\liberty\wlp\usr\servers\Lab9\logs\state\plugin-cfg.xml.
